../upload.doc88.com/finish-www.ttbz.org.cn/
../upload.doc88.com/finish-dbba.sacinfo.org.cn/
../upload.doc88.com/finish.tikuvip（2010-2011）.51test.net/专升本考试/
../upload.doc88.com/finish.tikuvip（2010-2011）.51test.net/初中一年级/
../upload.doc88.com/finish.tikuvip（2010-2011）.51test.net/中考/
../upload.doc88.com/finish.tikuvip（2010-2011）.51test.net/小升初/
../upload.doc88.com/finish.tikuvip（2010-2011）.51test.net/成人高考/
../upload.doc88.com/finish.tikuvip（2010-2011）.51test.net/考研/
../upload.doc88.com/finish.tikuvip（2010-2011）.51test.net/自考/
../upload.doc88.com/finish.tikuvip（2010-2011）.51test.net/高中会考/
../upload.doc88.com/finish.tikuvip（2010-2011）.51test.net/高考/
../upload.doc88.com/finish.tikuvip（2012-2013）.51test.net/初中一年级/
../upload.doc88.com/finish.tikuvip（2012-2013）.51test.net/中考/
../upload.doc88.com/finish.tikuvip（2012-2013）.51test.net/小升初/
../upload.doc88.com/finish.tikuvip（2012-2013）.51test.net/成人高考/
../upload.doc88.com/finish.tikuvip（2012-2013）.51test.net/考研/
../upload.doc88.com/finish.tikuvip（2012-2013）.51test.net/高中会考/
../upload.doc88.com/finish.tikuvip（2012-2013）.51test.net/高考/
../upload.doc88.com/finish.tikuvip（2014-2015）.51test.net/专升本考试/
../upload.doc88.com/finish.tikuvip（2014-2015）.51test.net/中考/
../upload.doc88.com/finish.tikuvip（2014-2015）.51test.net/小升初/
../upload.doc88.com/finish.tikuvip（2014-2015）.51test.net/成人高考/
../upload.doc88.com/finish.tikuvip（2014-2015）.51test.net/考研/
../upload.doc88.com/finish.tikuvip（2014-2015）.51test.net/自考/
../upload.doc88.com/finish.tikuvip（2014-2015）.51test.net/高中会考/
../upload.doc88.com/finish.tikuvip（2014-2015）.51test.net/高考/
../upload.doc88.com/finish.tikuvip（2016-2017）.51test.net/专升本考试/
../upload.doc88.com/finish.tikuvip（2016-2017）.51test.net/中考/
../upload.doc88.com/finish.tikuvip（2016-2017）.51test.net/小升初/
../upload.doc88.com/finish.tikuvip（2016-2017）.51test.net/成人高考/
../upload.doc88.com/finish.tikuvip（2016-2017）.51test.net/考研/
../upload.doc88.com/finish.tikuvip（2016-2017）.51test.net/自考/
../upload.doc88.com/finish.tikuvip（2016-2017）.51test.net/高中会考/
../upload.doc88.com/finish.tikuvip（2016-2017）.51test.net/高考/
../upload.doc88.com/finish.tikuvip（2018-2019）.51test.net/专升本考试/
../upload.doc88.com/finish.tikuvip（2018-2019）.51test.net/中考/
../upload.doc88.com/finish.tikuvip（2018-2019）.51test.net/小升初/
../upload.doc88.com/finish.tikuvip（2018-2019）.51test.net/成人高考/
../upload.doc88.com/finish.tikuvip（2018-2019）.51test.net/考研/
../upload.doc88.com/finish.tikuvip（2018-2019）.51test.net/自考/
../upload.doc88.com/finish.tikuvip（2018-2019）.51test.net/高中会考/
../upload.doc88.com/finish.tikuvip（2018-2019）.51test.net/高考/
../upload.doc88.com/finish.tikuvip（2020-2022）.51test.net/专升本考试/
../upload.doc88.com/finish.tikuvip（2020-2022）.51test.net/中考/
../upload.doc88.com/finish.tikuvip（2020-2022）.51test.net/小升初/
../upload.doc88.com/finish.tikuvip（2020-2022）.51test.net/成人高考/
../upload.doc88.com/finish.tikuvip（2020-2022）.51test.net/考研/
../upload.doc88.com/finish.tikuvip（2020-2022）.51test.net/自考/
../upload.doc88.com/finish.tikuvip（2020-2022）.51test.net/高中会考/
../upload.doc88.com/finish.tikuvip（2020-2022）.51test.net/高考/
../upload.doc88.com/finish.tikuvip（2023）.51test.net/专升本考试/
../upload.doc88.com/finish.tikuvip（2023）.51test.net/中考/
../upload.doc88.com/finish.tikuvip（2023）.51test.net/小升初/
../upload.doc88.com/finish.tikuvip（2023）.51test.net/成人高考/
../upload.doc88.com/finish.tikuvip（2023）.51test.net/考研/
../upload.doc88.com/finish.tikuvip（2023）.51test.net/自考/
../upload.doc88.com/finish.tikuvip（2023）.51test.net/高中会考/
../upload.doc88.com/finish.tikuvip（2023）.51test.net/高考/
../upload.doc88.com/finish.topedu.ybep.com.cn/中考真题/
../upload.doc88.com/finish.topedu.ybep.com.cn/高考真题/
../upload.doc88.com/finish.www.shijuan1.com/中考试卷/
../upload.doc88.com/finish.www.shijuan1.com/高考试卷/
