../upload.book118.com/finish.tikuvip（2023）.51test.net/
../upload.book118.com/finish.tikuvip（2010-2011）.51test.net/专升本考试/
../upload.book118.com/finish.tikuvip（2010-2011）.51test.net/初中一年级/
../upload.book118.com/finish.tikuvip（2010-2011）.51test.net/中考/
../upload.book118.com/finish.tikuvip（2010-2011）.51test.net/小升初/
../upload.book118.com/finish.tikuvip（2010-2011）.51test.net/成人高考/
../upload.book118.com/finish.tikuvip（2010-2011）.51test.net/考研/
../upload.book118.com/finish.tikuvip（2010-2011）.51test.net/自考/
../upload.book118.com/finish.tikuvip（2010-2011）.51test.net/高中会考/
../upload.book118.com/finish.tikuvip（2010-2011）.51test.net/高考/
../upload.book118.com/finish.tikuvip（2012-2013）.51test.net/初中一年级/
../upload.book118.com/finish.tikuvip（2012-2013）.51test.net/中考/
../upload.book118.com/finish.tikuvip（2012-2013）.51test.net/小升初/
../upload.book118.com/finish.tikuvip（2012-2013）.51test.net/成人高考/
../upload.book118.com/finish.tikuvip（2012-2013）.51test.net/考研/
../upload.book118.com/finish.tikuvip（2012-2013）.51test.net/高中会考/
../upload.book118.com/finish.tikuvip（2012-2013）.51test.net/高考/
../upload.book118.com/finish.tikuvip（2014-2015）.51test.net/专升本考试/
../upload.book118.com/finish.tikuvip（2014-2015）.51test.net/中考/
../upload.book118.com/finish.tikuvip（2014-2015）.51test.net/小升初/
../upload.book118.com/finish.tikuvip（2014-2015）.51test.net/成人高考/
../upload.book118.com/finish.tikuvip（2014-2015）.51test.net/考研/
../upload.book118.com/finish.tikuvip（2014-2015）.51test.net/自考/
../upload.book118.com/finish.tikuvip（2014-2015）.51test.net/高中会考/
../upload.book118.com/finish.tikuvip（2014-2015）.51test.net/高考/
../upload.book118.com/finish.tikuvip（2016-2017）.51test.net/专升本考试/
../upload.book118.com/finish.tikuvip（2016-2017）.51test.net/中考/
../upload.book118.com/finish.tikuvip（2016-2017）.51test.net/小升初/
../upload.book118.com/finish.tikuvip（2016-2017）.51test.net/成人高考/
../upload.book118.com/finish.tikuvip（2016-2017）.51test.net/考研/
../upload.book118.com/finish.tikuvip（2016-2017）.51test.net/自考/
../upload.book118.com/finish.tikuvip（2016-2017）.51test.net/高中会考/
../upload.book118.com/finish.tikuvip（2016-2017）.51test.net/高考/
../upload.book118.com/finish.tikuvip（2018-2019）.51test.net/专升本考试/
../upload.book118.com/finish.tikuvip（2018-2019）.51test.net/中考/
../upload.book118.com/finish.tikuvip（2018-2019）.51test.net/小升初/
../upload.book118.com/finish.tikuvip（2018-2019）.51test.net/成人高考/
../upload.book118.com/finish.tikuvip（2018-2019）.51test.net/考研/
../upload.book118.com/finish.tikuvip（2018-2019）.51test.net/自考/
../upload.book118.com/finish.tikuvip（2018-2019）.51test.net/高中会考/
../upload.book118.com/finish.tikuvip（2018-2019）.51test.net/高考/
../upload.book118.com/finish.tikuvip（2020-2022）.51test.net/专升本考试/
../upload.book118.com/finish.tikuvip（2020-2022）.51test.net/中考/
../upload.book118.com/finish.tikuvip（2020-2022）.51test.net/小升初/
../upload.book118.com/finish.tikuvip（2020-2022）.51test.net/成人高考/
../upload.book118.com/finish.tikuvip（2020-2022）.51test.net/考研/
../upload.book118.com/finish.tikuvip（2020-2022）.51test.net/自考/
../upload.book118.com/finish.tikuvip（2020-2022）.51test.net/高中会考/
../upload.book118.com/finish.tikuvip（2020-2022）.51test.net/高考/
../upload.book118.com/finish.tikuvip（2023）.51test.net/专升本考试/
../upload.book118.com/finish.tikuvip（2023）.51test.net/中考/
../upload.book118.com/finish.tikuvip（2023）.51test.net/小升初/
../upload.book118.com/finish.tikuvip（2023）.51test.net/成人高考/
../upload.book118.com/finish.tikuvip（2023）.51test.net/考研/
../upload.book118.com/finish.tikuvip（2023）.51test.net/自考/
../upload.book118.com/finish.tikuvip（2023）.51test.net/高中会考/
../upload.book118.com/finish.tikuvip（2023）.51test.net/高考/
../upload.book118.com/finish.topedu.ybep.com.cn/中考真题/
../upload.book118.com/finish.topedu.ybep.com.cn/高考真题/
../upload.book118.com/finish.topedu.ybep.com.cn/高考真题/2016年贵州省高考文科数学试卷和答案.pdf
==========开始上传==============
92c19c07a7cd971be81944cfd120205d
2016年贵州省高考文科数学试卷和答案.pdf
isAllowUpload = false, err = json: cannot unmarshal number into Go struct field VerifyUploadDocumentResponse.code of type string